[debug] [2025-08-31T06:19:14.630Z] ----------------------------------------------------------------------
[debug] [2025-08-31T06:19:14.639Z] Command:       C:\Program Files\nodejs\node.exe C:\Users\LENOVO\AppData\Roaming\npm\node_modules\firebase-tools\lib\bin\firebase.js init
[debug] [2025-08-31T06:19:14.640Z] CLI Version:   14.15.1
[debug] [2025-08-31T06:19:14.641Z] Platform:      win32
[debug] [2025-08-31T06:19:14.641Z] Node Version:  v22.17.1
[debug] [2025-08-31T06:19:14.642Z] Time:          Sun Aug 31 2025 13:19:14 GMT+0700 (Western Indonesia Time)
[debug] [2025-08-31T06:19:14.643Z] ----------------------------------------------------------------------
[debug] 
[debug] [2025-08-31T06:19:15.551Z] > command requires scopes: ["email","openid","https://www.googleapis.com/auth/cloudplatformprojects.readonly","https://www.googleapis.com/auth/firebase","https://www.googleapis.com/auth/cloud-platform"]
[debug] [2025-08-31T06:19:15.552Z] > authorizing via signed-in user (faizsyihab77@gmail.com)
[info] 
     ######## #### ########  ######## ########     ###     ######  ########
     ##        ##  ##     ## ##       ##     ##  ##   ##  ##       ##
     ######    ##  ########  ######   ########  #########  ######  ######
     ##        ##  ##    ##  ##       ##     ## ##     ##       ## ##
     ##       #### ##     ## ######## ########  ##     ##  ######  ########

You're about to initialize a Firebase project in this directory:

  C:\Users\LENOVO

Before we get started, keep in mind:

  * You are initializing within an existing Firebase project directory

[info] 
=== Project Setup
[info] 
[info] First, let's associate this project directory with a Firebase project.
[info] You can create multiple project aliases by running firebase use --add, 
[info] but for now we'll just set up a default project.
[info] 
[debug] [2025-08-31T06:19:24.371Z] Using project from CLI flag: enchanting-site
[debug] [2025-08-31T06:19:24.373Z] Checked if tokens are valid: true, expires at: 1756624646858
[debug] [2025-08-31T06:19:24.376Z] Checked if tokens are valid: true, expires at: 1756624646858
[debug] [2025-08-31T06:19:24.379Z] >>> [apiv2][query] GET https://firebase.googleapis.com/v1beta1/projects/enchanting-site [none]
[debug] [2025-08-31T06:19:25.242Z] <<< [apiv2][status] GET https://firebase.googleapis.com/v1beta1/projects/enchanting-site 200
[debug] [2025-08-31T06:19:25.242Z] <<< [apiv2][body] GET https://firebase.googleapis.com/v1beta1/projects/enchanting-site {"projectId":"enchanting-site","projectNumber":"755346372430","displayName":"Enchanting Memories","name":"projects/enchanting-site","resources":{"hostingSite":"enchanting-site"},"state":"ACTIVE","etag":"1_bcb1cb93-3cb6-48db-a776-742057d1d309"}
[info] i  Using project enchanting-site (Enchanting Memories) 
[info] 
=== Hosting Setup
[debug] [2025-08-31T06:19:25.383Z] Checked if tokens are valid: true, expires at: 1756624646858
[debug] [2025-08-31T06:19:25.383Z] Checked if tokens are valid: true, expires at: 1756624646858
[debug] [2025-08-31T06:19:25.383Z] >>> [apiv2][query] GET https://firebase.googleapis.com/v1beta1/projects/enchanting-site [none]
[debug] [2025-08-31T06:19:25.706Z] <<< [apiv2][status] GET https://firebase.googleapis.com/v1beta1/projects/enchanting-site 200
[debug] [2025-08-31T06:19:25.707Z] <<< [apiv2][body] GET https://firebase.googleapis.com/v1beta1/projects/enchanting-site {"projectId":"enchanting-site","projectNumber":"755346372430","displayName":"Enchanting Memories","name":"projects/enchanting-site","resources":{"hostingSite":"enchanting-site"},"state":"ACTIVE","etag":"1_bcb1cb93-3cb6-48db-a776-742057d1d309"}
[info] 
[info] Your public directory is the folder (relative to your project directory) that
[info] will contain Hosting assets to be uploaded with firebase deploy. If you
[info] have a build process for your assets, use your build's output directory.
[info] 
[debug] [2025-08-31T06:21:36.422Z] >>> [apiv2][query] GET https://www.gstatic.com/firebasejs/releases.json [none]
[debug] [2025-08-31T06:21:36.883Z] <<< [apiv2][status] GET https://www.gstatic.com/firebasejs/releases.json 200
[debug] [2025-08-31T06:21:36.884Z] <<< [apiv2][body] GET https://www.gstatic.com/firebasejs/releases.json {"current":{"version":"12.2.1","browserURL":"https://www.gstatic.com/firebasejs/12.2.1/firebase.js","packageURL":"https://www.gstatic.com/firebasejs/12.2.1/firebase.tgz"},"live":{"version":"12.2","browserURL":"https://www.gstatic.com/firebasejs/live/12.2/firebase.js","packageURL":"https://www.gstatic.com/firebasejs/live/12.2/firebase.tgz"},"components":{"ai":"https://www.gstatic.com/firebasejs/12.2.1/firebase-ai.js","analytics":"https://www.gstatic.com/firebasejs/12.2.1/firebase-analytics.js","app":"https://www.gstatic.com/firebasejs/12.2.1/firebase-app.js","app-check":"https://www.gstatic.com/firebasejs/12.2.1/firebase-app-check.js","auth":"https://www.gstatic.com/firebasejs/12.2.1/firebase-auth.js","auth/cordova":"https://www.gstatic.com/firebasejs/12.2.1/firebase-auth/cordova.js","auth/web-extension":"https://www.gstatic.com/firebasejs/12.2.1/firebase-auth/web-extension.js","functions":"https://www.gstatic.com/firebasejs/12.2.1/firebase-functions.js","firestore":"https://www.gstatic.com/firebasejs/12.2.1/firebase-firestore.js","firestore/lite":"https://www.gstatic.com/firebasejs/12.2.1/firebase-firestore/lite.js","installations":"https://www.gstatic.com/firebasejs/12.2.1/firebase-installations.js","storage":"https://www.gstatic.com/firebasejs/12.2.1/firebase-storage.js","performance":"https://www.gstatic.com/firebasejs/12.2.1/firebase-performance.js","remote-config":"https://www.gstatic.com/firebasejs/12.2.1/firebase-remote-config.js","messaging":"https://www.gstatic.com/firebasejs/12.2.1/firebase-messaging.js","messaging/sw":"https://www.gstatic.com/firebasejs/12.2.1/firebase-messaging/sw.js","database":"https://www.gstatic.com/firebasejs/12.2.1/firebase-database.js","data-connect":"https://www.gstatic.com/firebasejs/12.2.1/firebase-data-connect.js","firestore.memory":"https://www.gstatic.com/firebasejs/12.2.1/firebase-firestore.memory.js"}}
[info] +  Wrote demo/index.html 
[info] 
[info] +  Wrote configuration info to firebase.json 
[info] +  Wrote project information to .firebaserc 
[info] 
[info] +  Firebase initialization complete! 
